
                        american fuzzy lop 2.52b (caff)

┌─ process timing ─────────────────────────────────────┬─ overall results ─────┐
│        run time : 0 days, 2 hrs, 16 min, 23 sec      │  cycles done : 0      │
│   last new path : 0 days, 0 hrs, 55 min, 17 sec      │  total paths : 29     │
│ last uniq crash : none seen yet                      │ uniq crashes : 0      │
│  last uniq hang : none seen yet                      │   uniq hangs : 0      │
├─ cycle progress ────────────────────┬─ map coverage ─┴───────────────────────┤
│  now processing : 0 (0.00%)         │    map density : 0.13% / 0.21%         │
│ paths timed out : 0 (0.00%)         │ count coverage : 1.12 bits/tuple       │
├─ stage progress ────────────────────┼─ findings in depth ────────────────────┤
│  now trying : bitflip 2/1           │ favored paths : 1 (3.45%)              │
│ stage execs : 2165/2431 (89.06%)    │  new edges on : 28 (96.55%)            │
│ total execs : 4968                  │ total crashes : 0 (0 unique)           │
│  exec speed : 0.00/sec (zzzz...)    │  total tmouts : 0 (0 unique)           │
├─ fuzzing strategy yields ───────────┴───────────────┬─ path geometry ────────┤
│   bit flips : 27/2432, 0/0, 0/0                     │    levels : 2          │
│  byte flips : 0/0, 0/0, 0/0                         │   pending : 29         │
│ arithmetics : 0/0, 0/0, 0/0                         │  pend fav : 1          │
│  known ints : 0/0, 0/0, 0/0                         │ own finds : 28         │
│  dictionary : 0/0, 0/0, 0/0                         │  imported : n/a        │
│       havoc : 0/0, 0/0                              │ stability : 100.00%    │
│        trim : 0.00%/139, n/a                        ├────────────────────────┘
└─────────────────────────────────────────────────────┘             [cpu: 22%]

