==232704== Memcheck, a memory error detector
==232704== Copyright (C) 2002-2017, and GNU GPL'd, by Julian Seward et al.
==232704== Using Valgrind-3.16.1 and LibVEX; rerun with -h for copyright info
==232704== Command: ../../caff -vo/dev/null 1.caff
==232704== Parent PID: 226423
==232704== 
==232704== 
==232704== HEAP SUMMARY:
==232704==     in use at exit: 333,399 bytes in 1,290 blocks
==232704==   total heap usage: 3,054 allocs, 1,764 frees, 2,281,367,956 bytes allocated
==232704== 
==232704== LEAK SUMMARY:
==232704==    definitely lost: 0 bytes in 0 blocks
==232704==    indirectly lost: 0 bytes in 0 blocks
==232704==      possibly lost: 0 bytes in 0 blocks
==232704==    still reachable: 333,399 bytes in 1,290 blocks
==232704==         suppressed: 0 bytes in 0 blocks
==232704== Reachable blocks (those to which a pointer was found) are not shown.
==232704== To see them, rerun with: --leak-check=full --show-leak-kinds=all
==232704== 
==232704== For lists of detected and suppressed errors, rerun with: -s
==232704== ERROR SUMMARY: 0 errors from 0 contexts (suppressed: 0 from 0)
